<?xml version="1.0" encoding="UTF-8"?>
<!-- Generated by org.testng.reporters.JUnitXMLReporter -->
<testsuite hostname="CEHWPCVN054" failures="0" tests="3" name="Default test" time="5.843" errors="0" timestamp="27 May 2021 11:01:08 GMT">
  <testcase classname="webdriver.Topic_01_CheckEnvironment" name="TC_01_ValidateCurrentUrl" time="0.011"/>
  <testcase classname="webdriver.Topic_01_CheckEnvironment" name="TC_02_ValidatePageTitle" time="0.008"/>
  <testcase classname="webdriver.Topic_01_CheckEnvironment" name="TC_03_LoginFormDisplayed" time="0.033"/>
</testsuite> <!-- Default test -->
