<?xml version="1.0" encoding="UTF-8"?>
<testng-results total="3" passed="3" failed="0" skipped="0">
  <reporter-output>
  </reporter-output>
  <suite started-at="2021-05-27T11:01:02Z" name="Default suite" finished-at="2021-05-27T11:01:08Z" duration-ms="5843">
    <groups>
    </groups>
    <test started-at="2021-05-27T11:01:02Z" name="Default test" finished-at="2021-05-27T11:01:08Z" duration-ms="5843">
      <class name="webdriver.Topic_01_CheckEnvironment">
        <test-method is-config="true" signature="beforeClass()[pri:0, instance:webdriver.Topic_01_CheckEnvironment@e3c0e40]" started-at="2021-05-27T18:01:02Z" name="beforeClass" finished-at="2021-05-27T18:01:07Z" duration-ms="4466" status="PASS">
          <reporter-output>
          </reporter-output>
        </test-method> <!-- beforeClass -->
        <test-method signature="TC_01_ValidateCurrentUrl()[pri:0, instance:webdriver.Topic_01_CheckEnvironment@e3c0e40]" started-at="2021-05-27T18:01:07Z" name="TC_01_ValidateCurrentUrl" finished-at="2021-05-27T18:01:07Z" duration-ms="11" status="PASS">
          <reporter-output>
          </reporter-output>
        </test-method> <!-- TC_01_ValidateCurrentUrl -->
        <test-method signature="TC_02_ValidatePageTitle()[pri:0, instance:webdriver.Topic_01_CheckEnvironment@e3c0e40]" started-at="2021-05-27T18:01:07Z" name="TC_02_ValidatePageTitle" finished-at="2021-05-27T18:01:07Z" duration-ms="8" status="PASS">
          <reporter-output>
          </reporter-output>
        </test-method> <!-- TC_02_ValidatePageTitle -->
        <test-method signature="TC_03_LoginFormDisplayed()[pri:0, instance:webdriver.Topic_01_CheckEnvironment@e3c0e40]" started-at="2021-05-27T18:01:07Z" name="TC_03_LoginFormDisplayed" finished-at="2021-05-27T18:01:07Z" duration-ms="33" status="PASS">
          <reporter-output>
          </reporter-output>
        </test-method> <!-- TC_03_LoginFormDisplayed -->
        <test-method is-config="true" signature="afterClass()[pri:0, instance:webdriver.Topic_01_CheckEnvironment@e3c0e40]" started-at="2021-05-27T18:01:07Z" name="afterClass" finished-at="2021-05-27T18:01:08Z" duration-ms="1311" status="PASS">
          <reporter-output>
          </reporter-output>
        </test-method> <!-- afterClass -->
      </class> <!-- webdriver.Topic_01_CheckEnvironment -->
    </test> <!-- Default test -->
  </suite> <!-- Default suite -->
</testng-results>
