<?xml version="1.0" encoding="UTF-8"?>
<testng-results total="1" passed="1" failed="0" skipped="0">
  <reporter-output>
  </reporter-output>
  <suite started-at="2021-05-28T05:13:53Z" name="Default suite" finished-at="2021-05-28T05:14:02Z" duration-ms="9796">
    <groups>
    </groups>
    <test started-at="2021-05-28T05:13:53Z" name="Default test" finished-at="2021-05-28T05:14:02Z" duration-ms="9796">
      <class name="webdriver.TC_01_GitFlow">
        <test-method signature="TC_01()[pri:0, instance:webdriver.TC_01_GitFlow@7a3793c7]" started-at="2021-05-28T12:13:53Z" name="TC_01" finished-at="2021-05-28T12:14:02Z" duration-ms="9784" status="PASS">
          <reporter-output>
          </reporter-output>
        </test-method> <!-- TC_01 -->
      </class> <!-- webdriver.TC_01_GitFlow -->
    </test> <!-- Default test -->
  </suite> <!-- Default suite -->
</testng-results>
